{"E:\\api\\dental2\\spa\\src\\api\\filterJobs.ts": {"path":"E:\\api\\dental2\\spa\\src\\api\\filterJobs.ts","statementMap":{"0":{"start":{"line":1,"column":0},"end":{"line":1,"column":null}},"1":{"start":{"line":5,"column":19},"end":{"line":27,"column":null}},"2":{"start":{"line":7,"column":20},"end":{"line":7,"column":null}},"3":{"start":{"line":10,"column":4},"end":{"line":26,"column":null}},"4":{"start":{"line":11,"column":8},"end":{"line":11,"column":20}},"5":{"start":{"line":12,"column":8},"end":{"line":12,"column":11}},"6":{"start":{"line":15,"column":8},"end":{"line":22,"column":null}},"7":{"start":{"line":17,"column":29},"end":{"line":17,"column":41}},"8":{"start":{"line":19,"column":12},"end":{"line":19,"column":19}},"9":{"start":{"line":21,"column":12},"end":{"line":21,"column":19}},"10":{"start":{"line":25,"column":8},"end":{"line":25,"column":15}},"11":{"start":{"line":29,"column":0},"end":{"line":29,"column":15}}},"fnMap":{"0":{"name":"(anonymous_1)","decl":{"start":{"line":5,"column":19},"end":{"line":5,"column":26}},"loc":{"start":{"line":5,"column":45},"end":{"line":27,"column":null}}}},"branchMap":{"0":{"loc":{"start":{"line":10,"column":4},"end":{"line":26,"column":null}},"type":"if","locations":[{"start":{"line":10,"column":4},"end":{"line":26,"column":null}},{"start":{"line":24,"column":11},"end":{"line":26,"column":null}}]}},"s":{"0":9,"1":9,"2":3,"3":3,"4":2,"5":2,"6":2,"7":2,"8":2,"9":0,"10":1,"11":9},"f":{"0":3},"b":{"0":[2,1]}}
,"E:\\api\\dental2\\spa\\src\\api\\getJobs.ts": {"path":"E:\\api\\dental2\\spa\\src\\api\\getJobs.ts","statementMap":{"0":{"start":{"line":1,"column":0},"end":{"line":1,"column":null}},"1":{"start":{"line":3,"column":16},"end":{"line":14,"column":null}},"2":{"start":{"line":4,"column":20},"end":{"line":4,"column":null}},"3":{"start":{"line":5,"column":4},"end":{"line":12,"column":null}},"4":{"start":{"line":6,"column":25},"end":{"line":6,"column":37}},"5":{"start":{"line":9,"column":8},"end":{"line":9,"column":15}},"6":{"start":{"line":11,"column":8},"end":{"line":11,"column":15}},"7":{"start":{"line":16,"column":0},"end":{"line":16,"column":15}}},"fnMap":{"0":{"name":"(anonymous_1)","decl":{"start":{"line":3,"column":16},"end":{"line":3,"column":27}},"loc":{"start":{"line":3,"column":27},"end":{"line":14,"column":null}}}},"branchMap":{},"s":{"0":9,"1":9,"2":2,"3":2,"4":2,"5":2,"6":0,"7":9},"f":{"0":2},"b":{}}
,"E:\\api\\dental2\\spa\\src\\components\\JobResults\\JobListing.vue": {"path":"E:\\api\\dental2\\spa\\src\\components\\JobResults\\JobListing.vue","statementMap":{"0":{"start":{"line":47,"column":0},"end":{"line":47,"column":null}},"1":{"start":{"line":49,"column":0},"end":{"line":49,"column":15}},"2":{"start":{"line":58,"column":22},"end":{"line":58,"column":31}},"3":{"start":{"line":58,"column":37},"end":{"line":58,"column":54}},"4":{"start":{"line":59,"column":2},"end":{"line":59,"column":9}}},"fnMap":{"0":{"name":"(anonymous_0)","decl":{"start":{"line":57,"column":6},"end":{"line":57,"column":7}},"loc":{"start":{"line":57,"column":12},"end":{"line":60,"column":null}}},"1":{"name":"(anonymous_1)","decl":{"start":{"line":58,"column":31},"end":{"line":58,"column":37}},"loc":{"start":{"line":58,"column":31},"end":{"line":58,"column":null}}}},"branchMap":{},"s":{"0":2,"1":2,"2":5,"3":5,"4":5},"f":{"0":5,"1":5},"b":{}}
,"E:\\api\\dental2\\spa\\src\\components\\JobResults\\JobListings.vue": {"path":"E:\\api\\dental2\\spa\\src\\components\\JobResults\\JobListings.vue","statementMap":{"0":{"start":{"line":39,"column":0},"end":{"line":39,"column":null}},"1":{"start":{"line":40,"column":0},"end":{"line":40,"column":null}},"2":{"start":{"line":41,"column":0},"end":{"line":41,"column":null}},"3":{"start":{"line":42,"column":0},"end":{"line":42,"column":null}},"4":{"start":{"line":43,"column":0},"end":{"line":43,"column":null}},"5":{"start":{"line":44,"column":0},"end":{"line":44,"column":null}},"6":{"start":{"line":45,"column":0},"end":{"line":45,"column":null}},"7":{"start":{"line":46,"column":0},"end":{"line":46,"column":15}},"8":{"start":{"line":52,"column":2},"end":{"line":52,"column":12}},"9":{"start":{"line":53,"column":23},"end":{"line":53,"column":null}},"10":{"start":{"line":54,"column":18},"end":{"line":54,"column":27}},"11":{"start":{"line":54,"column":33},"end":{"line":54,"column":37}},"12":{"start":{"line":55,"column":22},"end":{"line":55,"column":null}},"13":{"start":{"line":57,"column":37},"end":{"line":57,"column":null}},"14":{"start":{"line":57,"column":22},"end":{"line":57,"column":24}},"15":{"start":{"line":57,"column":32},"end":{"line":57,"column":37}},"16":{"start":{"line":64,"column":24},"end":{"line":64,"column":null}},"17":{"start":{"line":65,"column":2},"end":{"line":65,"column":9}}},"fnMap":{"0":{"name":"(anonymous_1)","decl":{"start":{"line":51,"column":6},"end":{"line":51,"column":null}},"loc":{"start":{"line":51,"column":6},"end":{"line":71,"column":null}}},"1":{"name":"(anonymous_2)","decl":{"start":{"line":54,"column":27},"end":{"line":54,"column":33}},"loc":{"start":{"line":54,"column":27},"end":{"line":54,"column":null}}}},"branchMap":{},"s":{"0":1,"1":1,"2":1,"3":1,"4":1,"5":1,"6":1,"7":1,"8":7,"9":7,"10":7,"11":0,"12":7,"13":7,"14":7,"15":7,"16":7,"17":7},"f":{"0":7,"1":0},"b":{}}
,"E:\\api\\dental2\\spa\\src\\components\\JobResults\\JobFiltersSidebar\\JobFiltersSideBarCheckboxGroup.vue": {"path":"E:\\api\\dental2\\spa\\src\\components\\JobResults\\JobFiltersSidebar\\JobFiltersSideBarCheckboxGroup.vue","statementMap":{"0":{"start":{"line":25,"column":0},"end":{"line":25,"column":null}},"1":{"start":{"line":26,"column":0},"end":{"line":26,"column":null}},"2":{"start":{"line":27,"column":0},"end":{"line":27,"column":null}},"3":{"start":{"line":28,"column":0},"end":{"line":28,"column":null}},"4":{"start":{"line":29,"column":0},"end":{"line":29,"column":null}},"5":{"start":{"line":30,"column":0},"end":{"line":30,"column":null}},"6":{"start":{"line":31,"column":0},"end":{"line":31,"column":null}},"7":{"start":{"line":33,"column":0},"end":{"line":33,"column":15}},"8":{"start":{"line":53,"column":18},"end":{"line":53,"column":27}},"9":{"start":{"line":54,"column":19},"end":{"line":54,"column":null}},"10":{"start":{"line":56,"column":27},"end":{"line":56,"column":41}},"11":{"start":{"line":58,"column":24},"end":{"line":62,"column":null}},"12":{"start":{"line":59,"column":6},"end":{"line":59,"column":11}},"13":{"start":{"line":60,"column":6},"end":{"line":60,"column":11}},"14":{"start":{"line":61,"column":6},"end":{"line":61,"column":12}},"15":{"start":{"line":64,"column":4},"end":{"line":64,"column":11}}},"fnMap":{"0":{"name":"(anonymous_1)","decl":{"start":{"line":52,"column":2},"end":{"line":52,"column":7}},"loc":{"start":{"line":52,"column":13},"end":{"line":68,"column":null}}},"1":{"name":"(anonymous_2)","decl":{"start":{"line":58,"column":24},"end":{"line":58,"column":null}},"loc":{"start":{"line":58,"column":24},"end":{"line":62,"column":null}}}},"branchMap":{},"s":{"0":2,"1":2,"2":2,"3":2,"4":2,"5":2,"6":2,"7":2,"8":3,"9":3,"10":3,"11":3,"12":2,"13":2,"14":2,"15":3},"f":{"0":3,"1":2},"b":{}}
,"E:\\api\\dental2\\spa\\src\\components\\JobResults\\JobFiltersSidebar\\JobFiltersSidebar.vue": {"path":"E:\\api\\dental2\\spa\\src\\components\\JobResults\\JobFiltersSidebar\\JobFiltersSidebar.vue","statementMap":{"0":{"start":{"line":29,"column":0},"end":{"line":29,"column":null}},"1":{"start":{"line":30,"column":0},"end":{"line":30,"column":null}},"2":{"start":{"line":32,"column":0},"end":{"line":32,"column":null}},"3":{"start":{"line":37,"column":0},"end":{"line":37,"column":null}},"4":{"start":{"line":38,"column":0},"end":{"line":38,"column":null}},"5":{"start":{"line":40,"column":0},"end":{"line":40,"column":15}},"6":{"start":{"line":47,"column":25},"end":{"line":47,"column":null}},"7":{"start":{"line":48,"column":30},"end":{"line":48,"column":null}},"8":{"start":{"line":50,"column":2},"end":{"line":50,"column":9}}},"fnMap":{"0":{"name":"(anonymous_1)","decl":{"start":{"line":46,"column":6},"end":{"line":46,"column":null}},"loc":{"start":{"line":46,"column":6},"end":{"line":56,"column":null}}}},"branchMap":{},"s":{"0":1,"1":1,"2":1,"3":1,"4":1,"5":1,"6":2,"7":2,"8":2},"f":{"0":2},"b":{}}
,"E:\\api\\dental2\\spa\\src\\components\\JobSearch\\Headline.vue": {"path":"E:\\api\\dental2\\spa\\src\\components\\JobSearch\\Headline.vue","statementMap":{"0":{"start":{"line":15,"column":1},"end":{"line":15,"column":null}},"1":{"start":{"line":16,"column":1},"end":{"line":16,"column":null}},"2":{"start":{"line":27,"column":1},"end":{"line":27,"column":16}},"3":{"start":{"line":30,"column":3},"end":{"line":30,"column":10}},"4":{"start":{"line":37,"column":4},"end":{"line":37,"column":null}},"5":{"start":{"line":47,"column":3},"end":{"line":47,"column":8}},"6":{"start":{"line":50,"column":3},"end":{"line":50,"column":16}},"7":{"start":{"line":53,"column":3},"end":{"line":53,"column":14}},"8":{"start":{"line":54,"column":4},"end":{"line":54,"column":9}},"9":{"start":{"line":55,"column":21},"end":{"line":55,"column":22}},"10":{"start":{"line":56,"column":5},"end":{"line":56,"column":9}}},"fnMap":{"0":{"name":"(anonymous_1)","decl":{"start":{"line":29,"column":2},"end":{"line":29,"column":6}},"loc":{"start":{"line":29,"column":2},"end":{"line":34,"column":null}}},"1":{"name":"(anonymous_2)","decl":{"start":{"line":36,"column":3},"end":{"line":36,"column":16}},"loc":{"start":{"line":36,"column":3},"end":{"line":44,"column":null}}},"2":{"name":"(anonymous_3)","decl":{"start":{"line":46,"column":9},"end":{"line":46,"column":null}},"loc":{"start":{"line":46,"column":9},"end":{"line":48,"column":null}}},"3":{"name":"(anonymous_4)","decl":{"start":{"line":49,"column":15},"end":{"line":49,"column":null}},"loc":{"start":{"line":49,"column":15},"end":{"line":51,"column":null}}},"4":{"name":"(anonymous_5)","decl":{"start":{"line":53,"column":14},"end":{"line":53,"column":null}},"loc":{"start":{"line":53,"column":14},"end":{"line":62,"column":null}}},"5":{"name":"(anonymous_6)","decl":{"start":{"line":54,"column":32},"end":{"line":54,"column":null}},"loc":{"start":{"line":54,"column":32},"end":{"line":61,"column":7}}}},"branchMap":{},"s":{"0":1,"1":1,"2":1,"3":4,"4":7,"5":4,"6":1,"7":4,"8":4,"9":3,"10":3},"f":{"0":4,"1":7,"2":4,"3":1,"4":4,"5":3},"b":{}}
,"E:\\api\\dental2\\spa\\src\\components\\JobSearch\\JobSearchForm.vue": {"path":"E:\\api\\dental2\\spa\\src\\components\\JobSearch\\JobSearchForm.vue","statementMap":{"0":{"start":{"line":69,"column":0},"end":{"line":69,"column":null}},"1":{"start":{"line":70,"column":0},"end":{"line":70,"column":null}},"2":{"start":{"line":72,"column":0},"end":{"line":72,"column":null}},"3":{"start":{"line":73,"column":0},"end":{"line":73,"column":null}},"4":{"start":{"line":74,"column":0},"end":{"line":74,"column":15}},"5":{"start":{"line":81,"column":19},"end":{"line":81,"column":null}},"6":{"start":{"line":82,"column":17},"end":{"line":82,"column":21}},"7":{"start":{"line":83,"column":21},"end":{"line":83,"column":25}},"8":{"start":{"line":85,"column":26},"end":{"line":92,"column":null}},"9":{"start":{"line":86,"column":6},"end":{"line":86,"column":12}},"10":{"start":{"line":94,"column":4},"end":{"line":94,"column":11}}},"fnMap":{"0":{"name":"(anonymous_1)","decl":{"start":{"line":80,"column":7},"end":{"line":80,"column":null}},"loc":{"start":{"line":80,"column":7},"end":{"line":99,"column":null}}},"1":{"name":"(anonymous_2)","decl":{"start":{"line":85,"column":26},"end":{"line":85,"column":null}},"loc":{"start":{"line":85,"column":26},"end":{"line":92,"column":null}}}},"branchMap":{},"s":{"0":1,"1":1,"2":1,"3":1,"4":1,"5":1,"6":1,"7":1,"8":1,"9":1,"10":1},"f":{"0":1,"1":1},"b":{}}
,"E:\\api\\dental2\\spa\\src\\components\\JobSearch\\Spotlight.vue": {"path":"E:\\api\\dental2\\spa\\src\\components\\JobSearch\\Spotlight.vue","statementMap":{"0":{"start":{"line":15,"column":0},"end":{"line":15,"column":null}},"1":{"start":{"line":16,"column":0},"end":{"line":16,"column":null}},"2":{"start":{"line":18,"column":0},"end":{"line":18,"column":null}},"3":{"start":{"line":27,"column":0},"end":{"line":27,"column":15}},"4":{"start":{"line":29,"column":2},"end":{"line":29,"column":7}},"5":{"start":{"line":30,"column":23},"end":{"line":30,"column":40}},"6":{"start":{"line":32,"column":26},"end":{"line":41,"column":null}},"7":{"start":{"line":32,"column":26},"end":{"line":32,"column":null}},"8":{"start":{"line":33,"column":12},"end":{"line":33,"column":19}},"9":{"start":{"line":34,"column":12},"end":{"line":34,"column":15}},"10":{"start":{"line":36,"column":25},"end":{"line":36,"column":31}},"11":{"start":{"line":36,"column":14},"end":{"line":36,"column":22}},"12":{"start":{"line":37,"column":8},"end":{"line":37,"column":18}},"13":{"start":{"line":39,"column":8},"end":{"line":39,"column":15}},"14":{"start":{"line":42,"column":4},"end":{"line":42,"column":14}},"15":{"start":{"line":44,"column":4},"end":{"line":44,"column":11}}},"fnMap":{"0":{"name":"(anonymous_14)","decl":{"start":{"line":29,"column":2},"end":{"line":29,"column":7}},"loc":{"start":{"line":29,"column":2},"end":{"line":47,"column":null}}},"1":{"name":"(anonymous_15)","decl":{"start":{"line":32,"column":26},"end":{"line":32,"column":null}},"loc":{"start":{"line":32,"column":26},"end":{"line":41,"column":null}}}},"branchMap":{},"s":{"0":1,"1":1,"2":1,"3":1,"4":3,"5":3,"6":3,"7":3,"8":3,"9":3,"10":3,"11":3,"12":3,"13":0,"14":3,"15":3},"f":{"0":3,"1":6},"b":{}}
,"E:\\api\\dental2\\spa\\src\\components\\navs\\MainNav.vue": {"path":"E:\\api\\dental2\\spa\\src\\components\\navs\\MainNav.vue","statementMap":{"0":{"start":{"line":48,"column":0},"end":{"line":48,"column":null}},"1":{"start":{"line":49,"column":0},"end":{"line":49,"column":null}},"2":{"start":{"line":50,"column":0},"end":{"line":50,"column":null}},"3":{"start":{"line":51,"column":0},"end":{"line":51,"column":null}},"4":{"start":{"line":52,"column":0},"end":{"line":52,"column":null}},"5":{"start":{"line":54,"column":0},"end":{"line":54,"column":null}},"6":{"start":{"line":56,"column":0},"end":{"line":56,"column":15}},"7":{"start":{"line":64,"column":4},"end":{"line":64,"column":11}},"8":{"start":{"line":95,"column":6},"end":{"line":95,"column":13}}},"fnMap":{"0":{"name":"(anonymous_3)","decl":{"start":{"line":63,"column":6},"end":{"line":63,"column":null}},"loc":{"start":{"line":63,"column":6},"end":{"line":92,"column":null}}},"1":{"name":"(anonymous_4)","decl":{"start":{"line":94,"column":21},"end":{"line":94,"column":null}},"loc":{"start":{"line":94,"column":21},"end":{"line":99,"column":null}}}},"branchMap":{},"s":{"0":1,"1":1,"2":1,"3":1,"4":1,"5":1,"6":1,"7":6,"8":6},"f":{"0":6,"1":6},"b":{}}
,"E:\\api\\dental2\\spa\\src\\components\\navs\\ProfileImage.vue": {"path":"E:\\api\\dental2\\spa\\src\\components\\navs\\ProfileImage.vue","statementMap":{"0":{"start":{"line":10,"column":1},"end":{"line":10,"column":null}},"1":{"start":{"line":12,"column":1},"end":{"line":12,"column":16}},"2":{"start":{"line":16,"column":4},"end":{"line":16,"column":null}},"3":{"start":{"line":18,"column":3},"end":{"line":18,"column":10}}},"fnMap":{"0":{"name":"(anonymous_0)","decl":{"start":{"line":14,"column":7},"end":{"line":14,"column":null}},"loc":{"start":{"line":14,"column":7},"end":{"line":19,"column":null}}}},"branchMap":{},"s":{"0":2,"1":2,"2":1,"3":1},"f":{"0":1},"b":{}}
,"E:\\api\\dental2\\spa\\src\\components\\navs\\SubNav.vue": {"path":"E:\\api\\dental2\\spa\\src\\components\\navs\\SubNav.vue","statementMap":{"0":{"start":{"line":18,"column":0},"end":{"line":18,"column":null}},"1":{"start":{"line":22,"column":0},"end":{"line":22,"column":null}},"2":{"start":{"line":23,"column":0},"end":{"line":23,"column":null}},"3":{"start":{"line":25,"column":0},"end":{"line":25,"column":15}},"4":{"start":{"line":31,"column":26},"end":{"line":31,"column":null}},"5":{"start":{"line":36,"column":29},"end":{"line":36,"column":45}},"6":{"start":{"line":38,"column":4},"end":{"line":38,"column":11}}},"fnMap":{"0":{"name":"(anonymous_1)","decl":{"start":{"line":27,"column":7},"end":{"line":27,"column":null}},"loc":{"start":{"line":27,"column":7},"end":{"line":42,"column":null}}}},"branchMap":{},"s":{"0":2,"1":2,"2":2,"3":2,"4":2,"5":2,"6":2},"f":{"0":2},"b":{}}
,"E:\\api\\dental2\\spa\\src\\components\\shared\\Accordion.vue": {"path":"E:\\api\\dental2\\spa\\src\\components\\shared\\Accordion.vue","statementMap":{"0":{"start":{"line":20,"column":0},"end":{"line":20,"column":null}},"1":{"start":{"line":21,"column":0},"end":{"line":21,"column":null}},"2":{"start":{"line":23,"column":0},"end":{"line":23,"column":15}},"3":{"start":{"line":32,"column":19},"end":{"line":32,"column":23}},"4":{"start":{"line":33,"column":17},"end":{"line":35,"column":null}},"5":{"start":{"line":34,"column":6},"end":{"line":34,"column":12}},"6":{"start":{"line":36,"column":22},"end":{"line":36,"column":31}},"7":{"start":{"line":37,"column":6},"end":{"line":37,"column":12}},"8":{"start":{"line":40,"column":4},"end":{"line":40,"column":11}}},"fnMap":{"0":{"name":"(anonymous_0)","decl":{"start":{"line":31,"column":7},"end":{"line":31,"column":null}},"loc":{"start":{"line":31,"column":7},"end":{"line":45,"column":null}}},"1":{"name":"(anonymous_1)","decl":{"start":{"line":33,"column":17},"end":{"line":33,"column":null}},"loc":{"start":{"line":33,"column":17},"end":{"line":35,"column":null}}},"2":{"name":"(anonymous_2)","decl":{"start":{"line":36,"column":31},"end":{"line":36,"column":null}},"loc":{"start":{"line":36,"column":31},"end":{"line":37,"column":null}}}},"branchMap":{"0":{"loc":{"start":{"line":37,"column":6},"end":{"line":37,"column":44}},"type":"cond-expr","locations":[{"start":{"line":37,"column":21},"end":{"line":37,"column":22}},{"start":{"line":37,"column":43},"end":{"line":37,"column":44}}]}},"s":{"0":3,"1":3,"2":3,"3":5,"4":5,"5":5,"6":5,"7":10,"8":5},"f":{"0":5,"1":5,"2":10},"b":{"0":[5,5]}}
,"E:\\api\\dental2\\spa\\src\\components\\shared\\ActionButton.vue": {"path":"E:\\api\\dental2\\spa\\src\\components\\shared\\ActionButton.vue","statementMap":{"0":{"start":{"line":6,"column":0},"end":{"line":6,"column":null}},"1":{"start":{"line":7,"column":0},"end":{"line":7,"column":null}},"2":{"start":{"line":9,"column":0},"end":{"line":9,"column":15}},"3":{"start":{"line":21,"column":8},"end":{"line":21,"column":15}},"4":{"start":{"line":26,"column":21},"end":{"line":26,"column":null}},"5":{"start":{"line":27,"column":24},"end":{"line":27,"column":33}},"6":{"start":{"line":28,"column":6},"end":{"line":28,"column":null}},"7":{"start":{"line":32,"column":4},"end":{"line":32,"column":11}}},"fnMap":{"0":{"name":"(anonymous_0)","decl":{"start":{"line":20,"column":17},"end":{"line":20,"column":18}},"loc":{"start":{"line":20,"column":31},"end":{"line":22,"column":null}}},"1":{"name":"(anonymous_1)","decl":{"start":{"line":25,"column":7},"end":{"line":25,"column":8}},"loc":{"start":{"line":25,"column":13},"end":{"line":33,"column":null}}},"2":{"name":"(anonymous_2)","decl":{"start":{"line":27,"column":33},"end":{"line":27,"column":null}},"loc":{"start":{"line":27,"column":33},"end":{"line":31,"column":null}}}},"branchMap":{},"s":{"0":4,"1":4,"2":4,"3":9,"4":3,"5":3,"6":3,"7":3},"f":{"0":9,"1":3,"2":3},"b":{}}
,"E:\\api\\dental2\\spa\\src\\components\\shared\\HeaderContainer.vue": {"path":"E:\\api\\dental2\\spa\\src\\components\\shared\\HeaderContainer.vue","statementMap":{"0":{"start":{"line":13,"column":0},"end":{"line":13,"column":null}},"1":{"start":{"line":15,"column":0},"end":{"line":15,"column":15}}},"fnMap":{"0":{"name":"(anonymous_0)","decl":{"start":{"line":17,"column":7},"end":{"line":17,"column":12}},"loc":{"start":{"line":17,"column":7},"end":{"line":17,"column":null}}}},"branchMap":{},"s":{"0":1,"1":1},"f":{"0":2},"b":{}}
,"E:\\api\\dental2\\spa\\src\\components\\shared\\TextInput.vue": {"path":"E:\\api\\dental2\\spa\\src\\components\\shared\\TextInput.vue","statementMap":{"0":{"start":{"line":12,"column":0},"end":{"line":12,"column":null}},"1":{"start":{"line":13,"column":0},"end":{"line":13,"column":15}},"2":{"start":{"line":29,"column":21},"end":{"line":29,"column":null}},"3":{"start":{"line":30,"column":6},"end":{"line":30,"column":11}}},"fnMap":{"0":{"name":"(anonymous_0)","decl":{"start":{"line":28,"column":4},"end":{"line":28,"column":15}},"loc":{"start":{"line":28,"column":29},"end":{"line":31,"column":null}}}},"branchMap":{},"s":{"0":2,"1":2,"2":5,"3":5},"f":{"0":5},"b":{}}
,"E:\\api\\dental2\\spa\\src\\composables\\useConfirmRoute.ts": {"path":"E:\\api\\dental2\\spa\\src\\composables\\useConfirmRoute.ts","statementMap":{"0":{"start":{"line":1,"column":0},"end":{"line":1,"column":null}},"1":{"start":{"line":2,"column":0},"end":{"line":2,"column":null}},"2":{"start":{"line":4,"column":25},"end":{"line":7,"column":null}},"3":{"start":{"line":5,"column":18},"end":{"line":5,"column":null}},"4":{"start":{"line":6,"column":4},"end":{"line":6,"column":11}},"5":{"start":{"line":6,"column":26},"end":{"line":6,"column":null}},"6":{"start":{"line":10,"column":0},"end":{"line":10,"column":15}}},"fnMap":{"0":{"name":"(anonymous_0)","decl":{"start":{"line":4,"column":25},"end":{"line":4,"column":46}},"loc":{"start":{"line":4,"column":46},"end":{"line":7,"column":null}}},"1":{"name":"(anonymous_1)","decl":{"start":{"line":6,"column":20},"end":{"line":6,"column":26}},"loc":{"start":{"line":6,"column":26},"end":{"line":6,"column":null}}}},"branchMap":{},"s":{"0":3,"1":3,"2":3,"3":1,"4":1,"5":1,"6":3},"f":{"0":1,"1":1},"b":{}}
,"E:\\api\\dental2\\spa\\src\\composables\\useCurrentPage.ts": {"path":"E:\\api\\dental2\\spa\\src\\composables\\useCurrentPage.ts","statementMap":{"0":{"start":{"line":1,"column":0},"end":{"line":1,"column":null}},"1":{"start":{"line":2,"column":0},"end":{"line":2,"column":null}},"2":{"start":{"line":4,"column":23},"end":{"line":8,"column":null}},"3":{"start":{"line":5,"column":18},"end":{"line":5,"column":null}},"4":{"start":{"line":6,"column":17},"end":{"line":6,"column":null}},"5":{"start":{"line":7,"column":4},"end":{"line":7,"column":11}},"6":{"start":{"line":7,"column":26},"end":{"line":7,"column":32}},"7":{"start":{"line":10,"column":0},"end":{"line":10,"column":15}}},"fnMap":{"0":{"name":"(anonymous_0)","decl":{"start":{"line":4,"column":23},"end":{"line":4,"column":28}},"loc":{"start":{"line":4,"column":28},"end":{"line":8,"column":null}}},"1":{"name":"(anonymous_1)","decl":{"start":{"line":7,"column":20},"end":{"line":7,"column":26}},"loc":{"start":{"line":7,"column":26},"end":{"line":7,"column":32}}}},"branchMap":{"0":{"loc":{"start":{"line":7,"column":42},"end":{"line":7,"column":null}},"type":"binary-expr","locations":[{"start":{"line":7,"column":42},"end":{"line":7,"column":46}},{"start":{"line":7,"column":50},"end":{"line":7,"column":null}}]}},"s":{"0":2,"1":2,"2":2,"3":2,"4":2,"5":2,"6":2,"7":2},"f":{"0":2,"1":2},"b":{"0":[2,1]}}
,"E:\\api\\dental2\\spa\\src\\composables\\useDisplayedJobs.js": {"path":"E:\\api\\dental2\\spa\\src\\composables\\useDisplayedJobs.js","statementMap":{"0":{"start":{"line":5,"column":25},"end":{"line":15,"column":1}},"1":{"start":{"line":6,"column":4},"end":{"line":14,"column":7}},"2":{"start":{"line":7,"column":28},"end":{"line":7,"column":44}},"3":{"start":{"line":8,"column":29},"end":{"line":8,"column":46}},"4":{"start":{"line":10,"column":30},"end":{"line":10,"column":58}},"5":{"start":{"line":11,"column":29},"end":{"line":11,"column":51}},"6":{"start":{"line":13,"column":8},"end":{"line":13,"column":69}}},"fnMap":{"0":{"name":"(anonymous_0)","decl":{"start":{"line":5,"column":25},"end":{"line":5,"column":26}},"loc":{"start":{"line":5,"column":31},"end":{"line":15,"column":1}},"line":5},"1":{"name":"(anonymous_1)","decl":{"start":{"line":6,"column":20},"end":{"line":6,"column":21}},"loc":{"start":{"line":6,"column":26},"end":{"line":14,"column":5}},"line":6}},"branchMap":{},"s":{"0":1,"1":7,"2":7,"3":7,"4":7,"5":7,"6":7},"f":{"0":7,"1":7},"b":{},"_coverageSchema":"1a1c01bbd47fc00a2c39e90264f33305004495a9","hash":"5f6ea017d5cffe0a6a713ad01583b5095eb16e4a"}
,"E:\\api\\dental2\\spa\\src\\composables\\usePreviousAndNextPages.ts": {"path":"E:\\api\\dental2\\spa\\src\\composables\\usePreviousAndNextPages.ts","statementMap":{"0":{"start":{"line":1,"column":0},"end":{"line":1,"column":null}},"1":{"start":{"line":7,"column":32},"end":{"line":25,"column":null}},"2":{"start":{"line":11,"column":25},"end":{"line":11,"column":34}},"3":{"start":{"line":12,"column":29},"end":{"line":12,"column":null}},"4":{"start":{"line":13,"column":26},"end":{"line":13,"column":null}},"5":{"start":{"line":14,"column":8},"end":{"line":14,"column":15}},"6":{"start":{"line":17,"column":21},"end":{"line":17,"column":30}},"7":{"start":{"line":18,"column":25},"end":{"line":18,"column":null}},"8":{"start":{"line":19,"column":8},"end":{"line":19,"column":15}},"9":{"start":{"line":23,"column":4},"end":{"line":23,"column":11}},"10":{"start":{"line":27,"column":0},"end":{"line":27,"column":15}}},"fnMap":{"0":{"name":"(anonymous_0)","decl":{"start":{"line":7,"column":32},"end":{"line":7,"column":null}},"loc":{"start":{"line":10,"column":4},"end":{"line":25,"column":null}}},"1":{"name":"(anonymous_1)","decl":{"start":{"line":11,"column":34},"end":{"line":11,"column":39}},"loc":{"start":{"line":11,"column":39},"end":{"line":15,"column":null}}},"2":{"name":"(anonymous_2)","decl":{"start":{"line":17,"column":30},"end":{"line":17,"column":35}},"loc":{"start":{"line":17,"column":35},"end":{"line":20,"column":null}}}},"branchMap":{"0":{"loc":{"start":{"line":14,"column":15},"end":{"line":14,"column":null}},"type":"cond-expr","locations":[{"start":{"line":14,"column":43},"end":{"line":14,"column":58}},{"start":{"line":14,"column":58},"end":{"line":14,"column":null}}]},"1":{"loc":{"start":{"line":19,"column":15},"end":{"line":19,"column":null}},"type":"cond-expr","locations":[{"start":{"line":19,"column":43},"end":{"line":19,"column":54}},{"start":{"line":19,"column":54},"end":{"line":19,"column":null}}]}},"s":{"0":2,"1":2,"2":4,"3":2,"4":2,"5":2,"6":4,"7":2,"8":2,"9":4,"10":2},"f":{"0":4,"1":2,"2":2},"b":{"0":[1,1],"1":[1,1]}}
,"E:\\api\\dental2\\spa\\src\\store\\actions.ts": {"path":"E:\\api\\dental2\\spa\\src\\store\\actions.ts","statementMap":{"0":{"start":{"line":1,"column":0},"end":{"line":1,"column":null}},"1":{"start":{"line":3,"column":0},"end":{"line":3,"column":null}},"2":{"start":{"line":10,"column":0},"end":{"line":10,"column":null}},"3":{"start":{"line":17,"column":16},"end":{"line":17,"column":null}},"4":{"start":{"line":19,"column":8},"end":{"line":24,"column":null}},"5":{"start":{"line":20,"column":32},"end":{"line":20,"column":null}},"6":{"start":{"line":21,"column":12},"end":{"line":21,"column":19}},"7":{"start":{"line":23,"column":12},"end":{"line":23,"column":19}},"8":{"start":{"line":27,"column":32},"end":{"line":27,"column":null}},"9":{"start":{"line":28,"column":24},"end":{"line":28,"column":null}},"10":{"start":{"line":29,"column":28},"end":{"line":29,"column":null}},"11":{"start":{"line":30,"column":37},"end":{"line":30,"column":42}},"12":{"start":{"line":34,"column":37},"end":{"line":34,"column":54}},"13":{"start":{"line":36,"column":8},"end":{"line":36,"column":14}},"14":{"start":{"line":39,"column":0},"end":{"line":39,"column":15}}},"fnMap":{"0":{"name":"(anonymous_1)","decl":{"start":{"line":18,"column":18},"end":{"line":18,"column":25}},"loc":{"start":{"line":18,"column":45},"end":{"line":25,"column":null}}},"1":{"name":"(anonymous_2)","decl":{"start":{"line":26,"column":19},"end":{"line":26,"column":26}},"loc":{"start":{"line":26,"column":46},"end":{"line":37,"column":null}}}},"branchMap":{"0":{"loc":{"start":{"line":31,"column":12},"end":{"line":31,"column":null}},"type":"cond-expr","locations":[{"start":{"line":31,"column":22},"end":{"line":31,"column":32}},{"start":{"line":31,"column":32},"end":{"line":31,"column":null}}]},"1":{"loc":{"start":{"line":32,"column":12},"end":{"line":32,"column":null}},"type":"cond-expr","locations":[{"start":{"line":32,"column":26},"end":{"line":32,"column":40}},{"start":{"line":32,"column":40},"end":{"line":32,"column":null}}]}},"s":{"0":8,"1":8,"2":8,"3":8,"4":1,"5":1,"6":1,"7":0,"8":2,"9":2,"10":2,"11":2,"12":2,"13":2,"14":8},"f":{"0":1,"1":2},"b":{"0":[2,0],"1":[2,0]}}
,"E:\\api\\dental2\\spa\\src\\store\\composables.ts": {"path":"E:\\api\\dental2\\spa\\src\\store\\composables.ts","statementMap":{"0":{"start":{"line":1,"column":0},"end":{"line":1,"column":null}},"1":{"start":{"line":2,"column":0},"end":{"line":2,"column":null}},"2":{"start":{"line":3,"column":0},"end":{"line":3,"column":null}},"3":{"start":{"line":5,"column":0},"end":{"line":5,"column":null}},"4":{"start":{"line":10,"column":31},"end":{"line":13,"column":null}},"5":{"start":{"line":11,"column":18},"end":{"line":11,"column":27}},"6":{"start":{"line":12,"column":4},"end":{"line":12,"column":11}},"7":{"start":{"line":12,"column":33},"end":{"line":12,"column":38}},"8":{"start":{"line":10,"column":13},"end":{"line":10,"column":28}},"9":{"start":{"line":15,"column":38},"end":{"line":18,"column":null}},"10":{"start":{"line":16,"column":18},"end":{"line":16,"column":27}},"11":{"start":{"line":17,"column":4},"end":{"line":17,"column":11}},"12":{"start":{"line":17,"column":39},"end":{"line":17,"column":44}},"13":{"start":{"line":15,"column":13},"end":{"line":15,"column":35}},"14":{"start":{"line":20,"column":33},"end":{"line":23,"column":null}},"15":{"start":{"line":21,"column":18},"end":{"line":21,"column":27}},"16":{"start":{"line":22,"column":4},"end":{"line":22,"column":11}},"17":{"start":{"line":22,"column":39},"end":{"line":22,"column":44}},"18":{"start":{"line":20,"column":13},"end":{"line":20,"column":30}},"19":{"start":{"line":26,"column":36},"end":{"line":29,"column":null}},"20":{"start":{"line":27,"column":18},"end":{"line":27,"column":27}},"21":{"start":{"line":28,"column":4},"end":{"line":28,"column":9}},"22":{"start":{"line":26,"column":13},"end":{"line":26,"column":33}}},"fnMap":{"0":{"name":"(anonymous_0)","decl":{"start":{"line":10,"column":31},"end":{"line":10,"column":36}},"loc":{"start":{"line":10,"column":36},"end":{"line":13,"column":null}}},"1":{"name":"(anonymous_1)","decl":{"start":{"line":12,"column":27},"end":{"line":12,"column":33}},"loc":{"start":{"line":12,"column":33},"end":{"line":12,"column":38}}},"2":{"name":"(anonymous_2)","decl":{"start":{"line":15,"column":38},"end":{"line":15,"column":43}},"loc":{"start":{"line":15,"column":43},"end":{"line":18,"column":null}}},"3":{"name":"(anonymous_3)","decl":{"start":{"line":17,"column":33},"end":{"line":17,"column":39}},"loc":{"start":{"line":17,"column":39},"end":{"line":17,"column":44}}},"4":{"name":"(anonymous_4)","decl":{"start":{"line":20,"column":33},"end":{"line":20,"column":38}},"loc":{"start":{"line":20,"column":38},"end":{"line":23,"column":null}}},"5":{"name":"(anonymous_5)","decl":{"start":{"line":22,"column":33},"end":{"line":22,"column":39}},"loc":{"start":{"line":22,"column":39},"end":{"line":22,"column":44}}},"6":{"name":"(anonymous_6)","decl":{"start":{"line":26,"column":36},"end":{"line":26,"column":41}},"loc":{"start":{"line":26,"column":41},"end":{"line":29,"column":null}}}},"branchMap":{},"s":{"0":5,"1":5,"2":5,"3":5,"4":5,"5":1,"6":1,"7":1,"8":5,"9":5,"10":1,"11":1,"12":1,"13":5,"14":5,"15":1,"16":1,"17":1,"18":5,"19":5,"20":1,"21":1,"22":5},"f":{"0":1,"1":1,"2":1,"3":1,"4":1,"5":1,"6":1},"b":{}}
,"E:\\api\\dental2\\spa\\src\\store\\constants.ts": {"path":"E:\\api\\dental2\\spa\\src\\store\\constants.ts","statementMap":{"0":{"start":{"line":2,"column":13},"end":{"line":2,"column":26}},"1":{"start":{"line":5,"column":13},"end":{"line":5,"column":28}},"2":{"start":{"line":6,"column":13},"end":{"line":6,"column":26}},"3":{"start":{"line":7,"column":13},"end":{"line":7,"column":24}},"4":{"start":{"line":8,"column":13},"end":{"line":8,"column":27}},"5":{"start":{"line":9,"column":13},"end":{"line":9,"column":29}},"6":{"start":{"line":10,"column":13},"end":{"line":10,"column":36}},"7":{"start":{"line":11,"column":13},"end":{"line":11,"column":35}},"8":{"start":{"line":15,"column":13},"end":{"line":15,"column":36}},"9":{"start":{"line":16,"column":13},"end":{"line":16,"column":46}},"10":{"start":{"line":17,"column":13},"end":{"line":17,"column":42}},"11":{"start":{"line":18,"column":13},"end":{"line":18,"column":27}},"12":{"start":{"line":19,"column":13},"end":{"line":19,"column":43}},"13":{"start":{"line":23,"column":13},"end":{"line":23,"column":38}},"14":{"start":{"line":24,"column":13},"end":{"line":24,"column":32}},"15":{"start":{"line":25,"column":13},"end":{"line":25,"column":42}},"16":{"start":{"line":26,"column":13},"end":{"line":26,"column":39}}},"fnMap":{},"branchMap":{},"s":{"0":10,"1":10,"2":10,"3":10,"4":10,"5":10,"6":10,"7":10,"8":10,"9":10,"10":10,"11":10,"12":10,"13":10,"14":10,"15":10,"16":10},"f":{},"b":{}}
,"E:\\api\\dental2\\spa\\src\\store\\getters.ts": {"path":"E:\\api\\dental2\\spa\\src\\store\\getters.ts","statementMap":{"0":{"start":{"line":1,"column":0},"end":{"line":1,"column":null}},"1":{"start":{"line":10,"column":16},"end":{"line":10,"column":null}},"2":{"start":{"line":12,"column":36},"end":{"line":12,"column":40}},"3":{"start":{"line":13,"column":8},"end":{"line":13,"column":13}},"4":{"start":{"line":13,"column":36},"end":{"line":13,"column":55}},"5":{"start":{"line":14,"column":8},"end":{"line":14,"column":15}},"6":{"start":{"line":17,"column":31},"end":{"line":17,"column":35}},"7":{"start":{"line":18,"column":8},"end":{"line":18,"column":13}},"8":{"start":{"line":18,"column":36},"end":{"line":18,"column":50}},"9":{"start":{"line":19,"column":8},"end":{"line":19,"column":15}},"10":{"start":{"line":22,"column":40},"end":{"line":22,"column":null}},"11":{"start":{"line":23,"column":35},"end":{"line":23,"column":null}},"12":{"start":{"line":25,"column":8},"end":{"line":27,"column":null}},"13":{"start":{"line":26,"column":12},"end":{"line":26,"column":19}},"14":{"start":{"line":28,"column":8},"end":{"line":28,"column":15}},"15":{"start":{"line":32,"column":0},"end":{"line":32,"column":15}}},"fnMap":{"0":{"name":"(anonymous_0)","decl":{"start":{"line":11,"column":4},"end":{"line":11,"column":5}},"loc":{"start":{"line":11,"column":45},"end":{"line":15,"column":null}}},"1":{"name":"(anonymous_1)","decl":{"start":{"line":13,"column":28},"end":{"line":13,"column":36}},"loc":{"start":{"line":13,"column":36},"end":{"line":13,"column":55}}},"2":{"name":"(anonymous_2)","decl":{"start":{"line":16,"column":4},"end":{"line":16,"column":5}},"loc":{"start":{"line":16,"column":41},"end":{"line":20,"column":null}}},"3":{"name":"(anonymous_3)","decl":{"start":{"line":18,"column":28},"end":{"line":18,"column":36}},"loc":{"start":{"line":18,"column":36},"end":{"line":18,"column":50}}},"4":{"name":"(anonymous_4)","decl":{"start":{"line":21,"column":4},"end":{"line":21,"column":5}},"loc":{"start":{"line":21,"column":38},"end":{"line":29,"column":null}}}},"branchMap":{"0":{"loc":{"start":{"line":25,"column":8},"end":{"line":27,"column":null}},"type":"if","locations":[{"start":{"line":25,"column":8},"end":{"line":27,"column":null}}]},"1":{"loc":{"start":{"line":25,"column":12},"end":{"line":25,"column":59}},"type":"binary-expr","locations":[{"start":{"line":25,"column":12},"end":{"line":25,"column":35}},{"start":{"line":25,"column":39},"end":{"line":25,"column":59}}]}},"s":{"0":8,"1":8,"2":1,"3":1,"4":3,"5":1,"6":1,"7":1,"8":3,"9":1,"10":4,"11":4,"12":4,"13":1,"14":3,"15":8},"f":{"0":1,"1":3,"2":1,"3":3,"4":4},"b":{"0":[1],"1":[4,2]}}
,"E:\\api\\dental2\\spa\\src\\store\\index.ts": {"path":"E:\\api\\dental2\\spa\\src\\store\\index.ts","statementMap":{"0":{"start":{"line":2,"column":0},"end":{"line":2,"column":null}},"1":{"start":{"line":4,"column":0},"end":{"line":4,"column":null}},"2":{"start":{"line":5,"column":0},"end":{"line":5,"column":null}},"3":{"start":{"line":6,"column":0},"end":{"line":6,"column":null}},"4":{"start":{"line":7,"column":0},"end":{"line":7,"column":null}},"5":{"start":{"line":10,"column":13},"end":{"line":10,"column":53}},"6":{"start":{"line":12,"column":14},"end":{"line":12,"column":39}},"7":{"start":{"line":24,"column":0},"end":{"line":24,"column":15}}},"fnMap":{},"branchMap":{},"s":{"0":7,"1":7,"2":7,"3":7,"4":7,"5":7,"6":7,"7":7},"f":{},"b":{}}
,"E:\\api\\dental2\\spa\\src\\store\\mutations.ts": {"path":"E:\\api\\dental2\\spa\\src\\store\\mutations.ts","statementMap":{"0":{"start":{"line":3,"column":0},"end":{"line":3,"column":null}},"1":{"start":{"line":11,"column":18},"end":{"line":11,"column":null}},"2":{"start":{"line":13,"column":8},"end":{"line":13,"column":13}},"3":{"start":{"line":17,"column":8},"end":{"line":17,"column":13}},"4":{"start":{"line":21,"column":8},"end":{"line":21,"column":13}},"5":{"start":{"line":25,"column":8},"end":{"line":25,"column":13}},"6":{"start":{"line":29,"column":8},"end":{"line":29,"column":13}},"7":{"start":{"line":32,"column":0},"end":{"line":32,"column":15}}},"fnMap":{"0":{"name":"(anonymous_0)","decl":{"start":{"line":12,"column":4},"end":{"line":12,"column":5}},"loc":{"start":{"line":12,"column":35},"end":{"line":14,"column":null}}},"1":{"name":"(anonymous_1)","decl":{"start":{"line":16,"column":4},"end":{"line":16,"column":5}},"loc":{"start":{"line":16,"column":53},"end":{"line":18,"column":null}}},"2":{"name":"(anonymous_2)","decl":{"start":{"line":20,"column":4},"end":{"line":20,"column":5}},"loc":{"start":{"line":20,"column":70},"end":{"line":22,"column":null}}},"3":{"name":"(anonymous_3)","decl":{"start":{"line":24,"column":4},"end":{"line":24,"column":5}},"loc":{"start":{"line":24,"column":66},"end":{"line":26,"column":null}}},"4":{"name":"(anonymous_4)","decl":{"start":{"line":27,"column":4},"end":{"line":27,"column":5}},"loc":{"start":{"line":27,"column":61},"end":{"line":30,"column":null}}}},"branchMap":{},"s":{"0":8,"1":8,"2":1,"3":1,"4":1,"5":1,"6":1,"7":8},"f":{"0":1,"1":1,"2":1,"3":1,"4":1},"b":{}}
,"E:\\api\\dental2\\spa\\src\\store\\state.ts": {"path":"E:\\api\\dental2\\spa\\src\\store\\state.ts","statementMap":{"0":{"start":{"line":2,"column":14},"end":{"line":10,"column":null}},"1":{"start":{"line":3,"column":4},"end":{"line":3,"column":11}},"2":{"start":{"line":14,"column":0},"end":{"line":14,"column":15}}},"fnMap":{"0":{"name":"(anonymous_0)","decl":{"start":{"line":2,"column":14},"end":{"line":2,"column":32}},"loc":{"start":{"line":2,"column":32},"end":{"line":10,"column":null}}}},"branchMap":{},"s":{"0":11,"1":20,"2":11},"f":{"0":20},"b":{}}
,"E:\\api\\dental2\\spa\\src\\utils\\nextElementInList.js": {"path":"E:\\api\\dental2\\spa\\src\\utils\\nextElementInList.js","statementMap":{"0":{"start":{"line":1,"column":26},"end":{"line":8,"column":1}},"1":{"start":{"line":2,"column":30},"end":{"line":2,"column":49}},"2":{"start":{"line":5,"column":27},"end":{"line":5,"column":64}},"3":{"start":{"line":6,"column":22},"end":{"line":6,"column":42}},"4":{"start":{"line":7,"column":4},"end":{"line":7,"column":21}}},"fnMap":{"0":{"name":"(anonymous_0)","decl":{"start":{"line":1,"column":26},"end":{"line":1,"column":27}},"loc":{"start":{"line":1,"column":43},"end":{"line":8,"column":1}},"line":1}},"branchMap":{},"s":{"0":2,"1":5,"2":5,"3":5,"4":5},"f":{"0":5},"b":{},"_coverageSchema":"1a1c01bbd47fc00a2c39e90264f33305004495a9","hash":"7b138733fa1d1a37fbc2fbdbb0a67a501906eea4"}
,"E:\\api\\dental2\\spa\\tests\\unit\\store\\utils.ts": {"path":"E:\\api\\dental2\\spa\\tests\\unit\\store\\utils.ts","statementMap":{"0":{"start":{"line":1,"column":0},"end":{"line":1,"column":null}},"1":{"start":{"line":5,"column":27},"end":{"line":8,"column":null}},"2":{"start":{"line":6,"column":25},"end":{"line":6,"column":null}},"3":{"start":{"line":7,"column":4},"end":{"line":7,"column":11}},"4":{"start":{"line":5,"column":13},"end":{"line":5,"column":24}},"5":{"start":{"line":9,"column":25},"end":{"line":9,"column":26}},"6":{"start":{"line":9,"column":62},"end":{"line":9,"column":null}},"7":{"start":{"line":9,"column":13},"end":{"line":9,"column":22}}},"fnMap":{"0":{"name":"(anonymous_1)","decl":{"start":{"line":5,"column":27},"end":{"line":5,"column":28}},"loc":{"start":{"line":5,"column":78},"end":{"line":8,"column":null}}},"1":{"name":"(anonymous_2)","decl":{"start":{"line":9,"column":25},"end":{"line":9,"column":26}},"loc":{"start":{"line":9,"column":62},"end":{"line":9,"column":null}}}},"branchMap":{"0":{"loc":{"start":{"line":5,"column":28},"end":{"line":5,"column":78}},"type":"default-arg","locations":[{"start":{"line":5,"column":59},"end":{"line":5,"column":78}}]},"1":{"loc":{"start":{"line":9,"column":26},"end":{"line":9,"column":62}},"type":"default-arg","locations":[{"start":{"line":9,"column":49},"end":{"line":9,"column":62}}]}},"s":{"0":3,"1":3,"2":11,"3":11,"4":3,"5":3,"6":25,"7":3},"f":{"0":11,"1":25},"b":{"0":[0],"1":[4]}}
}
