TN:
SF:src\api\filterJobs.js
FN:2,(anonymous_0)
FNF:1
FNH:1
FNDA:3,(anonymous_0)
DA:2,3
DA:4,3
DA:7,3
DA:8,2
DA:9,2
DA:12,2
DA:14,2
DA:16,2
DA:18,0
DA:22,1
LF:10
LH:9
BRDA:7,0,0,2
BRDA:7,0,1,1
BRF:2
BRH:2
end_of_record
TN:
SF:src\api\getJobs.js
FN:2,(anonymous_0)
FNF:1
FNH:1
FNDA:2,(anonymous_0)
DA:2,3
DA:3,2
DA:4,2
DA:5,2
DA:8,2
DA:10,0
LF:6
LH:5
BRF:0
BRH:0
end_of_record
TN:
SF:src\components\JobResults\JobListing.vue
FN:48,(anonymous_0)
FNF:1
FNH:1
FNDA:5,(anonymous_0)
DA:39,2
DA:49,5
LF:2
LH:2
BRF:0
BRH:0
end_of_record
TN:
SF:src\components\navs\ProfileImage.vue
FN:12,(anonymous_0)
FNF:1
FNH:1
FNDA:1,(anonymous_0)
DA:10,2
DA:13,1
LF:2
LH:2
BRF:0
BRH:0
end_of_record
TN:
SF:src\components\shared\Accordion.vue
FN:27,(anonymous_0)
FN:33,(anonymous_1)
FN:38,(anonymous_2)
FNF:3
FNH:3
FNDA:6,(anonymous_0)
FNDA:12,(anonymous_1)
FNDA:6,(anonymous_2)
DA:19,3
DA:28,6
DA:34,12
DA:39,6
LF:4
LH:4
BRDA:34,0,0,6
BRDA:34,0,1,6
BRF:2
BRH:2
end_of_record
TN:
SF:src\components\shared\ActionButton.vue
FN:20,(anonymous_0)
FNF:1
FNH:1
FNDA:3,(anonymous_0)
DA:6,3
DA:21,3
LF:2
LH:2
BRF:0
BRH:0
end_of_record
TN:
SF:src\components\shared\TextInput.vue
FN:27,(anonymous_0)
FNF:1
FNH:1
FNDA:5,(anonymous_0)
DA:12,2
DA:28,5
LF:2
LH:2
BRF:0
BRH:0
end_of_record
TN:
SF:src\store\actions.js
FN:12,(anonymous_0)
FN:23,(anonymous_1)
FNF:2
FNH:1
FNDA:1,(anonymous_0)
FNDA:0,(anonymous_1)
DA:11,1
DA:13,1
DA:14,1
DA:15,1
DA:19,0
DA:24,0
DA:25,0
DA:26,0
DA:27,0
DA:33,0
DA:35,0
LF:11
LH:4
BRDA:28,0,0,0
BRDA:28,0,1,0
BRDA:29,1,0,0
BRDA:29,1,1,0
BRF:4
BRH:0
end_of_record
TN:
SF:src\store\constants.js
FNF:0
FNH:0
DA:2,8
DA:5,8
DA:6,8
DA:7,8
DA:8,8
DA:9,8
DA:10,8
DA:11,8
DA:15,8
DA:16,8
DA:17,8
DA:18,8
DA:19,8
DA:23,8
DA:24,8
DA:25,8
DA:26,8
LF:17
LH:17
BRF:0
BRH:0
end_of_record
TN:
SF:src\store\getters.js
FN:12,(anonymous_0)
FN:14,(anonymous_1)
FN:17,(anonymous_2)
FN:19,(anonymous_3)
FN:22,(anonymous_4)
FN:30,(anonymous_5)
FN:37,(anonymous_6)
FN:37,(anonymous_7)
FN:41,(anonymous_8)
FN:41,(anonymous_9)
FN:45,(anonymous_10)
FNF:11
FNH:11
FNDA:1,(anonymous_0)
FNDA:3,(anonymous_1)
FNDA:1,(anonymous_2)
FNDA:3,(anonymous_3)
FNDA:2,(anonymous_4)
FNDA:1,(anonymous_5)
FNDA:2,(anonymous_6)
FNDA:2,(anonymous_7)
FNDA:2,(anonymous_8)
FNDA:2,(anonymous_9)
FNDA:4,(anonymous_10)
DA:11,1
DA:13,1
DA:14,3
DA:15,1
DA:18,1
DA:19,3
DA:20,1
DA:23,2
DA:24,1
DA:26,1
DA:32,1
DA:33,0
DA:35,1
DA:37,2
DA:38,2
DA:39,1
DA:41,2
DA:42,2
DA:43,1
DA:46,4
DA:47,4
DA:49,4
DA:50,1
DA:52,3
LF:24
LH:23
BRDA:23,0,0,1
BRDA:23,0,1,1
BRDA:32,1,0,0
BRDA:32,1,1,1
BRDA:38,2,0,1
BRDA:38,2,1,1
BRDA:42,3,0,1
BRDA:42,3,1,1
BRDA:49,4,0,1
BRDA:49,4,1,3
BRDA:49,5,0,4
BRDA:49,5,1,2
BRF:12
BRH:11
end_of_record
TN:
SF:src\store\mutations.js
FN:10,(anonymous_0)
FN:14,(anonymous_1)
FN:18,(anonymous_2)
FN:22,(anonymous_3)
FN:25,(anonymous_4)
FNF:5
FNH:5
FNDA:1,(anonymous_0)
FNDA:1,(anonymous_1)
FNDA:1,(anonymous_2)
FNDA:1,(anonymous_3)
FNDA:1,(anonymous_4)
DA:9,1
DA:11,1
DA:15,1
DA:19,1
DA:23,1
DA:27,1
LF:6
LH:6
BRF:0
BRH:0
end_of_record
TN:
SF:src\store\state.js
FN:1,(anonymous_0)
FNF:1
FNH:1
FNDA:4,(anonymous_0)
DA:1,1
DA:2,4
LF:2
LH:2
BRF:0
BRH:0
end_of_record
TN:
SF:src\utils\nextElementInList.js
FN:1,(anonymous_0)
FNF:1
FNH:1
FNDA:5,(anonymous_0)
DA:1,2
DA:2,5
DA:5,5
DA:6,5
DA:7,5
LF:5
LH:5
BRF:0
BRH:0
end_of_record
